app/build/intermediates/manifest_merge_blame_file/debug/manifest-merger-blame-debug-report.txt
1<?xml version="1.0" encoding="utf-8"?>
2<manifest xmlns:android="http://schemas.android.com/apk/res/android"
3    package="com.example.neube.smartdrive"
4    android:versionCode="1"
5    android:versionName="1.0" >
6
7    <uses-sdk
8        android:minSdkVersion="26"
8-->src/main/AndroidManifest.xml
9        android:targetSdkVersion="28" />
9-->src/main/AndroidManifest.xml
10
11    <!-- Although the *SdkVersion is captured in gradle build files, this is required for non gradle builds -->
12    <!-- <uses-sdk android:minSdkVersion="14"/> -->
13    <uses-permission android:name="android.permission.ACCESS_NETWORK_STATE" />
13-->[com.google.firebase:firebase-storage:18.1.1] AndroidManifest.xml:26:5-79
13-->[com.google.firebase:firebase-storage:18.1.1] AndroidManifest.xml:26:22-76
14    <uses-permission android:name="android.permission.INTERNET" />
14-->[com.google.firebase:firebase-storage:18.1.1] AndroidManifest.xml:27:5-67
14-->[com.google.firebase:firebase-storage:18.1.1] AndroidManifest.xml:27:22-64
15    <uses-permission android:name="android.permission.WAKE_LOCK" /> <!-- Required by older versions of Google Play services to create IID tokens -->
15-->[com.google.android.gms:play-services-measurement-api:17.0.0] AndroidManifest.xml:24:5-68
15-->[com.google.android.gms:play-services-measurement-api:17.0.0] AndroidManifest.xml:24:22-65
16    <uses-permission android:name="com.google.android.c2dm.permission.RECEIVE" />
16-->[com.google.firebase:firebase-iid:19.0.0] AndroidManifest.xml:26:5-82
16-->[com.google.firebase:firebase-iid:19.0.0] AndroidManifest.xml:26:22-79
17    <uses-permission android:name="com.google.android.finsky.permission.BIND_GET_INSTALL_REFERRER_SERVICE" />
17-->[com.google.android.gms:play-services-measurement:17.0.0] AndroidManifest.xml:26:5-110
17-->[com.google.android.gms:play-services-measurement:17.0.0] AndroidManifest.xml:26:22-107
18
19    <application
19-->src/main/AndroidManifest.xml:5:5-19:19
20        android:allowBackup="true"
20-->src/main/AndroidManifest.xml:6:9-35
21        android:appComponentFactory="androidx.core.app.CoreComponentFactory"
21-->[androidx.core:core:1.0.2] AndroidManifest.xml:22:18-86
22        android:debuggable="true"
23        android:extractNativeLibs="false"
24        android:icon="@mipmap/ic_launcher"
24-->src/main/AndroidManifest.xml:7:9-43
25        android:label="@string/app_name"
25-->src/main/AndroidManifest.xml:8:9-41
26        android:roundIcon="@mipmap/ic_launcher_round"
26-->src/main/AndroidManifest.xml:9:9-54
27        android:supportsRtl="true"
27-->src/main/AndroidManifest.xml:10:9-35
28        android:testOnly="true"
29        android:theme="@style/AppTheme" >
29-->src/main/AndroidManifest.xml:11:9-40
30        <activity android:name="com.example.neube.smartdrive.MainActivity" >
30-->src/main/AndroidManifest.xml:12:9-18:20
30-->src/main/AndroidManifest.xml:12:19-47
31            <intent-filter>
31-->src/main/AndroidManifest.xml:13:13-17:29
32                <action android:name="android.intent.action.MAIN" />
32-->src/main/AndroidManifest.xml:14:17-69
32-->src/main/AndroidManifest.xml:14:25-66
33
34                <category android:name="android.intent.category.LAUNCHER" />
34-->src/main/AndroidManifest.xml:16:17-77
34-->src/main/AndroidManifest.xml:16:27-74
35            </intent-filter>
36        </activity>
37
38        <service
38-->[com.google.firebase:firebase-storage:18.1.1] AndroidManifest.xml:30:9-36:19
39            android:name="com.google.firebase.components.ComponentDiscoveryService"
39-->[com.google.firebase:firebase-storage:18.1.1] AndroidManifest.xml:31:13-84
40            android:exported="false" >
40-->[com.google.firebase:firebase-storage:18.1.1] AndroidManifest.xml:32:13-37
41            <meta-data
41-->[com.google.firebase:firebase-storage:18.1.1] AndroidManifest.xml:33:13-35:85
42                android:name="com.google.firebase.components:com.google.firebase.storage.StorageRegistrar"
42-->[com.google.firebase:firebase-storage:18.1.1] AndroidManifest.xml:34:17-107
43                android:value="com.google.firebase.components.ComponentRegistrar" />
43-->[com.google.firebase:firebase-storage:18.1.1] AndroidManifest.xml:35:17-82
44            <meta-data
44-->[com.google.firebase:firebase-auth:18.1.0] AndroidManifest.xml:36:13-38:85
45                android:name="com.google.firebase.components:com.google.firebase.auth.FirebaseAuthRegistrar"
45-->[com.google.firebase:firebase-auth:18.1.0] AndroidManifest.xml:37:17-109
46                android:value="com.google.firebase.components.ComponentRegistrar" />
46-->[com.google.firebase:firebase-auth:18.1.0] AndroidManifest.xml:38:17-82
47            <meta-data
47-->[com.google.firebase:firebase-firestore:20.2.0] AndroidManifest.xml:20:13-22:85
48                android:name="com.google.firebase.components:com.google.firebase.firestore.FirestoreRegistrar"
48-->[com.google.firebase:firebase-firestore:20.2.0] AndroidManifest.xml:21:17-111
49                android:value="com.google.firebase.components.ComponentRegistrar" />
49-->[com.google.firebase:firebase-firestore:20.2.0] AndroidManifest.xml:22:17-82
50            <meta-data
50-->[com.google.android.gms:play-services-measurement-api:17.0.0] AndroidManifest.xml:30:13-32:85
51                android:name="com.google.firebase.components:com.google.firebase.analytics.connector.internal.AnalyticsConnectorRegistrar"
51-->[com.google.android.gms:play-services-measurement-api:17.0.0] AndroidManifest.xml:31:17-139
52                android:value="com.google.firebase.components.ComponentRegistrar" />
52-->[com.google.android.gms:play-services-measurement-api:17.0.0] AndroidManifest.xml:32:17-82
53            <meta-data
53-->[com.google.firebase:firebase-iid:19.0.0] AndroidManifest.xml:32:13-34:85
54                android:name="com.google.firebase.components:com.google.firebase.iid.Registrar"
54-->[com.google.firebase:firebase-iid:19.0.0] AndroidManifest.xml:33:17-96
55                android:value="com.google.firebase.components.ComponentRegistrar" />
55-->[com.google.firebase:firebase-iid:19.0.0] AndroidManifest.xml:34:17-82
56        </service>
57
58        <activity
58-->[com.google.firebase:firebase-auth:18.1.0] AndroidManifest.xml:24:9-31:50
59            android:name="com.google.firebase.auth.internal.FederatedSignInActivity"
59-->[com.google.firebase:firebase-auth:18.1.0] AndroidManifest.xml:25:13-85
60            android:excludeFromRecents="true"
60-->[com.google.firebase:firebase-auth:18.1.0] AndroidManifest.xml:26:13-46
61            android:exported="true"
61-->[com.google.firebase:firebase-auth:18.1.0] AndroidManifest.xml:27:13-36
62            android:launchMode="singleTask"
62-->[com.google.firebase:firebase-auth:18.1.0] AndroidManifest.xml:28:13-44
63            android:permission="com.google.firebase.auth.api.gms.permission.LAUNCH_FEDERATED_SIGN_IN"
63-->[com.google.firebase:firebase-auth:18.1.0] AndroidManifest.xml:29:13-102
64            android:theme="@android:style/Theme.Translucent.NoTitleBar" />
64-->[com.google.firebase:firebase-auth:18.1.0] AndroidManifest.xml:30:13-72
65
66        <receiver
66-->[com.google.firebase:firebase-iid:19.0.0] AndroidManifest.xml:37:9-44:20
67            android:name="com.google.firebase.iid.FirebaseInstanceIdReceiver"
67-->[com.google.firebase:firebase-iid:19.0.0] AndroidManifest.xml:38:13-78
68            android:exported="true"
68-->[com.google.firebase:firebase-iid:19.0.0] AndroidManifest.xml:39:13-36
69            android:permission="com.google.android.c2dm.permission.SEND" >
69-->[com.google.firebase:firebase-iid:19.0.0] AndroidManifest.xml:40:13-73
70            <intent-filter>
70-->[com.google.firebase:firebase-iid:19.0.0] AndroidManifest.xml:41:13-43:29
71                <action android:name="com.google.android.c2dm.intent.RECEIVE" />
71-->[com.google.firebase:firebase-iid:19.0.0] AndroidManifest.xml:42:17-81
71-->[com.google.firebase:firebase-iid:19.0.0] AndroidManifest.xml:42:25-78
72            </intent-filter>
73        </receiver>
74
75        <activity
75-->[com.google.android.gms:play-services-base:17.0.0] AndroidManifest.xml:23:9-26:75
76            android:name="com.google.android.gms.common.api.GoogleApiActivity"
76-->[com.google.android.gms:play-services-base:17.0.0] AndroidManifest.xml:24:13-79
77            android:exported="false"
77-->[com.google.android.gms:play-services-base:17.0.0] AndroidManifest.xml:25:13-37
78            android:theme="@android:style/Theme.Translucent.NoTitleBar" />
78-->[com.google.android.gms:play-services-base:17.0.0] AndroidManifest.xml:26:13-72
79
80        <provider
80-->[com.google.firebase:firebase-common:18.0.0] AndroidManifest.xml:12:9-16:39
81            android:name="com.google.firebase.provider.FirebaseInitProvider"
81-->[com.google.firebase:firebase-common:18.0.0] AndroidManifest.xml:13:13-77
82            android:authorities="com.example.neube.smartdrive.firebaseinitprovider"
82-->[com.google.firebase:firebase-common:18.0.0] AndroidManifest.xml:14:13-72
83            android:exported="false"
83-->[com.google.firebase:firebase-common:18.0.0] AndroidManifest.xml:15:13-37
84            android:initOrder="100" />
84-->[com.google.firebase:firebase-common:18.0.0] AndroidManifest.xml:16:13-36
85
86        <receiver
86-->[com.google.android.gms:play-services-measurement:17.0.0] AndroidManifest.xml:29:9-33:20
87            android:name="com.google.android.gms.measurement.AppMeasurementReceiver"
87-->[com.google.android.gms:play-services-measurement:17.0.0] AndroidManifest.xml:30:13-85
88            android:enabled="true"
88-->[com.google.android.gms:play-services-measurement:17.0.0] AndroidManifest.xml:31:13-35
89            android:exported="false" >
89-->[com.google.android.gms:play-services-measurement:17.0.0] AndroidManifest.xml:32:13-37
90        </receiver>
91        <receiver
91-->[com.google.android.gms:play-services-measurement:17.0.0] AndroidManifest.xml:34:9-42:20
92            android:name="com.google.android.gms.measurement.AppMeasurementInstallReferrerReceiver"
92-->[com.google.android.gms:play-services-measurement:17.0.0] AndroidManifest.xml:35:13-100
93            android:enabled="true"
93-->[com.google.android.gms:play-services-measurement:17.0.0] AndroidManifest.xml:36:13-35
94            android:exported="true"
94-->[com.google.android.gms:play-services-measurement:17.0.0] AndroidManifest.xml:37:13-36
95            android:permission="android.permission.INSTALL_PACKAGES" >
95-->[com.google.android.gms:play-services-measurement:17.0.0] AndroidManifest.xml:38:13-69
96            <intent-filter>
96-->[com.google.android.gms:play-services-measurement:17.0.0] AndroidManifest.xml:39:13-41:29
97                <action android:name="com.android.vending.INSTALL_REFERRER" />
97-->[com.google.android.gms:play-services-measurement:17.0.0] AndroidManifest.xml:40:17-79
97-->[com.google.android.gms:play-services-measurement:17.0.0] AndroidManifest.xml:40:25-76
98            </intent-filter>
99        </receiver>
100
101        <service
101-->[com.google.android.gms:play-services-measurement:17.0.0] AndroidManifest.xml:44:9-47:40
102            android:name="com.google.android.gms.measurement.AppMeasurementService"
102-->[com.google.android.gms:play-services-measurement:17.0.0] AndroidManifest.xml:45:13-84
103            android:enabled="true"
103-->[com.google.android.gms:play-services-measurement:17.0.0] AndroidManifest.xml:46:13-35
104            android:exported="false" />
104-->[com.google.android.gms:play-services-measurement:17.0.0] AndroidManifest.xml:47:13-37
105        <service
105-->[com.google.android.gms:play-services-measurement:17.0.0] AndroidManifest.xml:48:9-52:72
106            android:name="com.google.android.gms.measurement.AppMeasurementJobService"
106-->[com.google.android.gms:play-services-measurement:17.0.0] AndroidManifest.xml:49:13-87
107            android:enabled="true"
107-->[com.google.android.gms:play-services-measurement:17.0.0] AndroidManifest.xml:50:13-35
108            android:exported="false"
108-->[com.google.android.gms:play-services-measurement:17.0.0] AndroidManifest.xml:51:13-37
109            android:permission="android.permission.BIND_JOB_SERVICE" />
109-->[com.google.android.gms:play-services-measurement:17.0.0] AndroidManifest.xml:52:13-69
110
111        <meta-data
111-->[com.google.android.gms:play-services-basement:17.0.0] AndroidManifest.xml:23:9-25:69
112            android:name="com.google.android.gms.version"
112-->[com.google.android.gms:play-services-basement:17.0.0] AndroidManifest.xml:24:13-58
113            android:value="@integer/google_play_services_version" />
113-->[com.google.android.gms:play-services-basement:17.0.0] AndroidManifest.xml:25:13-66
114    </application>
115
116</manifest>